0 info it worked if it ends with ok
1 verbose cli [ 'C:\\Program Files\\nodejs\\node.exe',
1 verbose cli   'C:\\Program Files\\nodejs\\node_modules\\npm\\bin\\npm-cli.js',
1 verbose cli   'install',
1 verbose cli   'https://github.com/LeBodro/cordova-plugin-cookie-manager',
1 verbose cli   '--production',
1 verbose cli   '--save' ]
2 info using npm@3.10.10
3 info using node@v7.3.0
4 silly loadCurrentTree Starting
5 silly install loadCurrentTree
6 silly install readLocalPackageData
7 silly fetchPackageMetaData https://github.com/LeBodro/cordova-plugin-cookie-manager
8 silly fetchOtherPackageData https://github.com/LeBodro/cordova-plugin-cookie-manager
9 silly cache add args [ 'https://github.com/LeBodro/cordova-plugin-cookie-manager',
9 silly cache add   null ]
10 verbose cache add spec https://github.com/LeBodro/cordova-plugin-cookie-manager
11 silly cache add parsed spec Result {
11 silly cache add   raw: 'https://github.com/LeBodro/cordova-plugin-cookie-manager',
11 silly cache add   scope: null,
11 silly cache add   escapedName: null,
11 silly cache add   name: null,
11 silly cache add   rawSpec: 'https://github.com/LeBodro/cordova-plugin-cookie-manager',
11 silly cache add   spec: 'git+https://github.com/LeBodro/cordova-plugin-cookie-manager.git',
11 silly cache add   type: 'hosted',
11 silly cache add   hosted:
11 silly cache add    { type: 'github',
11 silly cache add      ssh: 'git@github.com:LeBodro/cordova-plugin-cookie-manager.git',
11 silly cache add      sshUrl: 'git+ssh://git@github.com/LeBodro/cordova-plugin-cookie-manager.git',
11 silly cache add      httpsUrl: 'git+https://github.com/LeBodro/cordova-plugin-cookie-manager.git',
11 silly cache add      gitUrl: 'git://github.com/LeBodro/cordova-plugin-cookie-manager.git',
11 silly cache add      shortcut: 'github:LeBodro/cordova-plugin-cookie-manager',
11 silly cache add      directUrl: 'https://raw.githubusercontent.com/LeBodro/cordova-plugin-cookie-manager/master/package.json' } }
12 verbose addRemoteGit caching https://github.com/LeBodro/cordova-plugin-cookie-manager
13 verbose addRemoteGit git+https://github.com/LeBodro/cordova-plugin-cookie-manager.git is a repository hosted by github
14 silly tryClone cloning git+https://github.com/LeBodro/cordova-plugin-cookie-manager.git via git+https://github.com/LeBodro/cordova-plugin-cookie-manager.git
15 verbose tryClone git-https-github-com-LeBodro-cordova-plugin-cookie-manager-git-d75685ba not in flight; caching
16 verbose correctMkdir C:\Users\DELL\AppData\Roaming\npm-cache\_git-remotes correctMkdir not in flight; initializing
17 info git [ 'config', '--get', 'remote.origin.url' ]
18 silly validateExistingRemote git+https://github.com/LeBodro/cordova-plugin-cookie-manager.git remote.origin.url: https://github.com/LeBodro/cordova-plugin-cookie-manager.git
19 verbose validateExistingRemote git+https://github.com/LeBodro/cordova-plugin-cookie-manager.git is updating existing cached remote C:\Users\DELL\AppData\Roaming\npm-cache\_git-remotes\git-https-github-com-LeBodro-cordova-plugin-cookie-manager-git-d75685ba
20 info git [ 'fetch', '-a', 'origin' ]
21 verbose updateRemote git fetch -a origin (https://github.com/LeBodro/cordova-plugin-cookie-manager.git)
22 verbose setPermissions git+https://github.com/LeBodro/cordova-plugin-cookie-manager.git skipping chownr on Windows
23 verbose resolveHead git+https://github.com/LeBodro/cordova-plugin-cookie-manager.git original treeish: master
24 info git [ 'rev-list', '-n1', 'master' ]
25 silly resolveHead git+https://github.com/LeBodro/cordova-plugin-cookie-manager.git resolved treeish: 0927408ac72e920a79b1be875a980ccefe8444b2
26 verbose resolveHead git+https://github.com/LeBodro/cordova-plugin-cookie-manager.git resolved Git URL: git+https://github.com/LeBodro/cordova-plugin-cookie-manager.git#0927408ac72e920a79b1be875a980ccefe8444b2
27 silly resolveHead Git working directory: C:\Users\DELL\AppData\Local\Temp\npm-4168-efdefa81\git-cache-1d1a852d\0927408ac72e920a79b1be875a980ccefe8444b2
28 info git [ 'clone',
28 info git   'C:\\Users\\DELL\\AppData\\Roaming\\npm-cache\\_git-remotes\\git-https-github-com-LeBodro-cordova-plugin-cookie-manager-git-d75685ba',
28 info git   'C:\\Users\\DELL\\AppData\\Local\\Temp\\npm-4168-efdefa81\\git-cache-1d1a852d\\0927408ac72e920a79b1be875a980ccefe8444b2' ]
29 verbose cloneResolved git+https://github.com/LeBodro/cordova-plugin-cookie-manager.git clone Cloning into 'C:\Users\DELL\AppData\Local\Temp\npm-4168-efdefa81\git-cache-1d1a852d\0927408ac72e920a79b1be875a980ccefe8444b2'...
29 verbose cloneResolved done.
30 info git [ 'checkout', '0927408ac72e920a79b1be875a980ccefe8444b2' ]
31 verbose checkoutTreeish git+https://github.com/LeBodro/cordova-plugin-cookie-manager.git checkout Note: checking out '0927408ac72e920a79b1be875a980ccefe8444b2'.
31 verbose checkoutTreeish
31 verbose checkoutTreeish You are in 'detached HEAD' state. You can look around, make experimental
31 verbose checkoutTreeish changes and commit them, and you can discard any commits you make in this
31 verbose checkoutTreeish state without impacting any branches by performing another checkout.
31 verbose checkoutTreeish
31 verbose checkoutTreeish If you want to create a new branch to retain commits you create, you may
31 verbose checkoutTreeish do so (now or later) by using -b with the checkout command again. Example:
31 verbose checkoutTreeish
31 verbose checkoutTreeish   git checkout -b <new-branch-name>
31 verbose checkoutTreeish
31 verbose checkoutTreeish HEAD is now at 0927408... Updated readme to tell it works on ios but does nothing.
32 info git [ 'submodule', '-q', 'update', '--init', '--recursive' ]
33 verbose updateSubmodules git+https://github.com/LeBodro/cordova-plugin-cookie-manager.git submodule update
34 error addLocal Could not install C:\Users\DELL\AppData\Local\Temp\npm-4168-efdefa81\git-cache-1d1a852d\0927408ac72e920a79b1be875a980ccefe8444b2
35 silly fetchPackageMetaData Error: EISDIR: illegal operation on a directory, read
35 silly fetchPackageMetaData  error for https://github.com/LeBodro/cordova-plugin-cookie-manager { Error: EISDIR: illegal operation on a directory, read errno: -4068, code: 'EISDIR', syscall: 'read' }
36 silly rollbackFailedOptional Starting
37 silly rollbackFailedOptional Finishing
38 silly runTopLevelLifecycles Finishing
39 silly install printInstalled
40 verbose stack Error: EISDIR: illegal operation on a directory, read
41 verbose cwd C:\Users\DELL\Desktop\test_github\eteket2\eteket2\eteket
42 error Windows_NT 10.0.14393
43 error argv "C:\\Program Files\\nodejs\\node.exe" "C:\\Program Files\\nodejs\\node_modules\\npm\\bin\\npm-cli.js" "install" "https://github.com/LeBodro/cordova-plugin-cookie-manager" "--production" "--save"
44 error node v7.3.0
45 error npm  v3.10.10
46 error code EISDIR
47 error errno -4068
48 error syscall read
49 error eisdir EISDIR: illegal operation on a directory, read
50 error eisdir This is most likely not a problem with npm itself
50 error eisdir and is related to npm not being able to find a package.json in
50 error eisdir a package you are trying to install.
51 verbose exit [ -4068, true ]
